1305 [JavaFX Application Thread] INFO  o.b.f.j.controllers.LoginController - LoginController initialized
21774 [JavaFX Application Thread] INFO  o.b.f.j.c.PersonsController - PersonsController initialized
1130 [JavaFX Application Thread] INFO  o.b.f.j.controllers.LoginController - LoginController initialized
1129 [JavaFX Application Thread] INFO  o.b.f.j.controllers.LoginController - LoginController initialized
17719 [JavaFX Application Thread] INFO  o.b.f.j.c.PersonsController - PersonsController initialized
1325 [JavaFX Application Thread] INFO  o.b.f.j.controllers.LoginController - LoginController initialized
6024 [JavaFX Application Thread] INFO  o.b.f.j.c.PersonsController - PersonsController initialized
1341 [JavaFX Application Thread] INFO  o.b.f.j.controllers.LoginController - LoginController initialized
14868 [JavaFX Application Thread] INFO  o.b.f.j.c.PersonsController - PersonsController initialized
1113 [JavaFX Application Thread] INFO  o.b.f.j.controllers.LoginController - LoginController initialized
12624 [JavaFX Application Thread] INFO  o.b.f.j.c.PersonsController - PersonsController initialized
16375 [JavaFX Application Thread] INFO  o.b.f.j.c.PersonsDetailViewController - PersonsDetailViewController initialized
1130 [JavaFX Application Thread] INFO  o.b.f.j.controllers.LoginController - LoginController initialized
11341 [JavaFX Application Thread] INFO  o.b.f.j.c.PersonsController - PersonsController initialized
1098 [JavaFX Application Thread] INFO  o.b.f.j.controllers.LoginController - LoginController initialized
5841 [JavaFX Application Thread] INFO  o.b.f.j.c.PersonsController - PersonsController initialized
8085 [JavaFX Application Thread] INFO  o.b.f.j.c.PersonsDetailViewController - PersonsDetailViewController initialized
51751 [JavaFX Application Thread] INFO  o.b.f.j.c.PersonCreateController - PersonCreateController initialized
1357 [JavaFX Application Thread] INFO  o.b.f.j.controllers.LoginController - LoginController initialized
11553 [JavaFX Application Thread] INFO  o.b.f.j.c.PersonsController - PersonsController initialized
14037 [JavaFX Application Thread] INFO  o.b.f.j.c.PersonCreateController - PersonCreateController initialized
1141 [JavaFX Application Thread] INFO  o.b.f.j.controllers.LoginController - LoginController initialized
10005 [JavaFX Application Thread] INFO  o.b.f.j.c.PersonsController - PersonsController initialized
12594 [JavaFX Application Thread] INFO  o.b.f.j.c.PersonsDetailViewController - PersonsDetailViewController initialized
15570 [JavaFX Application Thread] INFO  o.b.f.j.c.PersonCreateController - PersonCreateController initialized
1122 [JavaFX Application Thread] INFO  o.b.f.j.controllers.LoginController - LoginController initialized
6764 [JavaFX Application Thread] INFO  o.b.f.j.c.PersonsController - PersonsController initialized
9827 [JavaFX Application Thread] INFO  o.b.f.j.c.PersonsDetailViewController - PersonsDetailViewController initialized
11542 [JavaFX Application Thread] INFO  o.b.f.j.c.PersonCreateController - PersonCreateController initialized
974  [JavaFX Application Thread] INFO  o.b.f.j.controllers.LoginController - LoginController initialized
5897 [JavaFX Application Thread] INFO  o.b.f.j.c.PersonsController - PersonsController initialized
7812 [JavaFX Application Thread] INFO  o.b.f.j.c.PersonCreateController - PersonCreateController initialized
1110 [JavaFX Application Thread] INFO  o.b.f.j.controllers.LoginController - LoginController initialized
11758 [JavaFX Application Thread] INFO  o.b.f.j.c.PersonsController - PersonsController initialized
14224 [JavaFX Application Thread] INFO  o.b.f.j.c.PersonsDetailViewController - PersonsDetailViewController initialized
16672 [JavaFX Application Thread] INFO  o.b.f.j.c.PersonCreateController - PersonCreateController initialized
1100 [JavaFX Application Thread] INFO  o.b.f.j.controllers.LoginController - LoginController initialized
10263 [JavaFX Application Thread] INFO  o.b.f.j.c.PersonsController - PersonsController initialized
13707 [JavaFX Application Thread] INFO  o.b.f.j.c.PersonCreateController - PersonCreateController initialized
1201 [JavaFX Application Thread] INFO  o.b.f.j.controllers.LoginController - LoginController initialized
9674 [JavaFX Application Thread] INFO  o.b.f.j.c.PersonsController - PersonsController initialized
12573 [JavaFX Application Thread] INFO  o.b.f.j.c.PersonCreateController - PersonCreateController initialized
965  [JavaFX Application Thread] INFO  o.b.f.j.controllers.LoginController - LoginController initialized
983  [JavaFX Application Thread] INFO  o.b.f.j.controllers.LoginController - LoginController initialized
1439 [JavaFX Application Thread] INFO  o.b.f.j.controllers.LoginController - LoginController initialized
130094 [JavaFX Application Thread] INFO  o.b.f.j.c.PersonsController - PersonsController initialized
133883 [JavaFX Application Thread] INFO  o.b.f.j.c.PersonsDetailViewController - PersonsDetailViewController initialized
136011 [JavaFX Application Thread] INFO  o.b.f.j.c.PersonCreateController - PersonCreateController initialized
269633 [JavaFX Application Thread] INFO  o.b.f.j.c.PersonsDetailViewController - PersonsDetailViewController initialized
1112 [JavaFX Application Thread] INFO  o.b.f.j.controllers.LoginController - LoginController initialized
8015 [JavaFX Application Thread] INFO  o.b.f.j.c.PersonsController - PersonsController initialized
17377 [JavaFX Application Thread] INFO  o.b.f.j.c.PersonCreateController - PersonCreateController initialized
99633 [JavaFX Application Thread] INFO  o.b.f.j.c.PersonsDetailViewController - PersonsDetailViewController initialized
1486 [JavaFX Application Thread] INFO  o.b.f.j.controllers.LoginController - LoginController initialized
16131 [JavaFX Application Thread] INFO  o.b.f.j.c.PersonsController - PersonsController initialized
19333 [JavaFX Application Thread] INFO  o.b.f.j.c.PersonCreateController - PersonCreateController initialized
961  [JavaFX Application Thread] INFO  o.b.f.j.controllers.LoginController - LoginController initialized
48290 [JavaFX Application Thread] INFO  o.b.f.j.c.PersonsController - PersonsController initialized
1382 [JavaFX Application Thread] INFO  o.b.f.j.controllers.LoginController - LoginController initialized
19164 [JavaFX Application Thread] INFO  o.b.f.j.c.PersonsController - PersonsController initialized
41301 [JavaFX Application Thread] INFO  o.b.f.j.c.PersonsDetailViewController - PersonsDetailViewController initialized
46658 [JavaFX Application Thread] INFO  o.b.f.j.c.PersonsDetailViewController - PersonsDetailViewController initialized
1374 [JavaFX Application Thread] INFO  o.b.f.j.controllers.LoginController - LoginController initialized
1122 [JavaFX Application Thread] INFO  o.b.f.j.controllers.LoginController - LoginController initialized
996  [JavaFX Application Thread] INFO  o.b.f.j.controllers.LoginController - LoginController initialized
3275 [JavaFX Application Thread] INFO  o.b.f.j.controllers.LoginController - LoginController initialized
3228 [JavaFX Application Thread] INFO  o.b.f.j.controllers.LoginController - LoginController initialized
2440 [JavaFX Application Thread] INFO  o.b.f.j.controllers.LoginController - LoginController initialized
1376 [JavaFX Application Thread] INFO  o.b.f.j.controllers.LoginController - LoginController initialized
1343 [JavaFX Application Thread] INFO  o.b.f.j.controllers.LoginController - LoginController initialized
2452 [JavaFX Application Thread] INFO  o.b.f.j.controllers.LoginController - LoginController initialized
992  [JavaFX Application Thread] INFO  o.b.f.j.controllers.LoginController - LoginController initialized
8719 [JavaFX Application Thread] INFO  o.b.f.j.c.PersonsController - PersonsController initialized
2433 [JavaFX Application Thread] INFO  o.b.f.j.controllers.LoginController - LoginController initialized
8399 [JavaFX Application Thread] INFO  o.b.f.j.c.PersonsController - PersonsController initialized
983  [JavaFX Application Thread] INFO  o.b.f.j.controllers.LoginController - LoginController initialized
5454 [JavaFX Application Thread] INFO  o.b.f.j.c.PersonsController - PersonsController initialized
7941 [JavaFX Application Thread] INFO  o.b.f.j.c.PersonCreateController - PersonCreateController initialized
1002 [JavaFX Application Thread] INFO  o.b.f.j.controllers.LoginController - LoginController initialized
6979 [JavaFX Application Thread] INFO  o.b.f.j.c.PersonsController - PersonsController initialized
1356 [JavaFX Application Thread] INFO  o.b.f.j.controllers.LoginController - LoginController initialized
1388 [JavaFX Application Thread] INFO  o.b.f.j.controllers.LoginController - LoginController initialized
2641 [JavaFX Application Thread] INFO  o.b.f.j.controllers.LoginController - LoginController initialized
21712 [JavaFX Application Thread] INFO  o.b.f.j.c.PersonsController - PersonsController initialized
26127 [JavaFX Application Thread] INFO  o.b.f.j.c.PersonCreateController - PersonCreateController initialized
1174 [JavaFX Application Thread] INFO  o.b.f.j.controllers.LoginController - LoginController initialized
11470 [JavaFX Application Thread] INFO  o.b.f.j.c.PersonsController - PersonsController initialized
13963 [JavaFX Application Thread] INFO  o.b.f.j.c.PersonCreateController - PersonCreateController initialized
1128 [JavaFX Application Thread] INFO  o.b.f.j.controllers.LoginController - LoginController initialized
9110 [JavaFX Application Thread] INFO  o.b.f.j.c.PersonsController - PersonsController initialized
11867 [JavaFX Application Thread] INFO  o.b.f.j.c.PersonsDetailViewController - PersonsDetailViewController initialized
15613 [JavaFX Application Thread] INFO  o.b.f.j.c.PersonCreateController - PersonCreateController initialized
20014 [JavaFX Application Thread] INFO  o.b.f.j.c.PersonCreateController - PersonCreateController initialized
